<?xml version="1.0" encoding="UTF-8"?>
<testsuite xmlns:xsi="http://www.w3.org/2001/XMLSchema-instance" xsi:noNamespaceSchemaLocation="https://maven.apache.org/surefire/maven-surefire-plugin/xsd/surefire-test-report-3.0.xsd" version="3.0" name="com.sulebayrak.AppMainTests" time="2.69" tests="1" errors="0" skipped="0" failures="0">
  <properties>
[...]
</properties>
  <testcase name="contextLoads" classname="com.sulebayrak.AppMainTests" time="0.802">
    <system-out><![CDATA[11:54:22.406 [main] INFO org.springframework.test.context.support.AnnotationConfigContextLoaderUtils -- Could not detect default configuration classes for test class [com.sulebayrak.AppMainTests]: AppMainTests does not declare any static, non-private, non-final, nested classes annotated with @Configuration.
11:54:22.543 [main] INFO org.springframework.boot.test.context.SpringBootTestContextBootstrapper -- Found @SpringBootConfiguration com.sulebayrak.AppMain for test class com.sulebayrak.AppMainTests

  .   ____          _            __ _ _
 /\\ / ___'_ __ _ _(_)_ __  __ _ \ \ \ \
( ( )\___ | '_ | '_| | '_ \/ _` | \ \ \ \
 \\/  ___)| |_)| | | | | || (_| |  ) ) ) )
  '  |____| .__|_| |_|_| |_\__, | / / / /
 =========|_|==============|___/=/_/_/_/
 :: Spring Boot ::                (v3.2.9)

2024-09-21T11:54:22.852+03:00  INFO 64461 --- [devops-002-pipeline] [           main] com.sulebayrak.AppMainTests              : Starting AppMainTests using Java 23 with PID 64461 (started by sulebayrak in /Users/sulebayrak/IdeaProjects/devops-002-pipeline)
2024-09-21T11:54:22.853+03:00  INFO 64461 --- [devops-002-pipeline] [           main] com.sulebayrak.AppMainTests              : No active profile set, falling back to 1 default profile: "default"
2024-09-21T11:54:23.972+03:00  INFO 64461 --- [devops-002-pipeline] [           main] o.s.b.a.e.web.EndpointLinksResolver      : Exposing 1 endpoint(s) beneath base path '/actuator'
2024-09-21T11:54:24.023+03:00  INFO 64461 --- [devops-002-pipeline] [           main] com.sulebayrak.AppMainTests              : Started AppMainTests in 1.348 seconds (process running for 2.187)
]]></system-out>
    <system-err><![CDATA[WARNING: A Java agent has been loaded dynamically (/Users/sulebayrak/.m2/repository/net/bytebuddy/byte-buddy-agent/1.14.19/byte-buddy-agent-1.14.19.jar)
WARNING: If a serviceability tool is in use, please run with -XX:+EnableDynamicAgentLoading to hide this warning
WARNING: If a serviceability tool is not in use, please run with -Djdk.instrument.traceUsage for more information
WARNING: Dynamic loading of agents will be disallowed by default in a future release
]]></system-err>
  </testcase>
</testsuite>